  task1.cpp
C:\Users\Димон\source\repos\Laba2\Laba2\task1.cpp(4,1): warning C4326: возвращаемый тип "main" должен быть "int", а не "void"
  task2.cpp
C:\Users\Димон\source\repos\Laba2\Laba2\task2.cpp(7,1): warning C4326: возвращаемый тип "main" должен быть "int", а не "void"
  task3.cpp
C:\Users\Димон\source\repos\Laba2\Laba2\task3.cpp(5,1): warning C4326: возвращаемый тип "main" должен быть "int", а не "void"
  task4.cpp
C:\Users\Димон\source\repos\Laba2\Laba2\task4.cpp(4,1): warning C4326: возвращаемый тип "main" должен быть "int", а не "void"
  task5.cpp
C:\Users\Димон\source\repos\Laba2\Laba2\task5.cpp(5,1): warning C4326: возвращаемый тип "main" должен быть "int", а не "void"
  task6_func.cpp
  task7_func.cpp
  task8_func.cpp
  task9_func.cpp
  Создание кода...
task2.obj : error LNK2005: _main уже определен в task1.obj
task3.obj : error LNK2005: "double __cdecl f(double,double)" (?f@@YANNN@Z) уже определен в task2.obj
task3.obj : error LNK2005: _main уже определен в task1.obj
task4.obj : error LNK2005: _main уже определен в task1.obj
task5.obj : error LNK2005: _main уже определен в task1.obj
task6_func.obj : error LNK2005: "double __cdecl f(double,double)" (?f@@YANNN@Z) уже определен в task2.obj
task6_main.obj : error LNK2005: _main уже определен в task1.obj
task7_func.obj : error LNK2005: "void __cdecl f(void)" (?f@@YAXXZ) уже определен в task5.obj
task7_func.obj : error LNK2005: "double x" (?x@@3NA) уже определен в task5.obj
task7_func.obj : error LNK2005: "double y" (?y@@3NA) уже определен в task5.obj
task7_func.obj : error LNK2005: "double result" (?result@@3NA) уже определен в task5.obj
task7_main.obj : error LNK2005: _main уже определен в task1.obj
task8_func.obj : error LNK2005: "void __cdecl f(void)" (?f@@YAXXZ) уже определен в task5.obj
task8_func.obj : error LNK2005: "double x" (?x@@3NA) уже определен в task5.obj
task8_func.obj : error LNK2005: "double y" (?y@@3NA) уже определен в task5.obj
task8_func.obj : error LNK2005: "double result" (?result@@3NA) уже определен в task5.obj
task8_main.obj : error LNK2005: _main уже определен в task1.obj
task9_func.obj : error LNK2005: "double x" (?x@@3NA) уже определен в task5.obj
task9_func.obj : error LNK2005: "double y" (?y@@3NA) уже определен в task5.obj
task9_func.obj : error LNK2005: "double result" (?result@@3NA) уже определен в task5.obj
task9_main.obj : error LNK2005: _main уже определен в task1.obj
C:\Users\Димон\source\repos\Laba2\Debug\Laba2.exe : fatal error LNK1169: обнаружен многократно определенный символ - один или более
